build/app/outputs/mapping/release/configuration.txt
# The proguard configuration file for the following section is intermediates\proguard-files\proguard-android.txt-4.1.0
# This is a configuration file for ProGuard.
# http://proguard.sourceforge.net/index.html#manual/usage.html
#
# Starting with version 2.2 of the Android plugin for Gradle, this file is distributed together with
# the plugin and unpacked at build-time. The files in $ANDROID_HOME are no longer maintained and
# will be ignored by new version of the Android plugin for Gradle.

# Optimization is turned off by default. Dex does not like code run
# through the ProGuard optimize steps (and performs some
# of these optimizations on its own).
# Note that if you want to enable optimization, you cannot just
# include optimization flags in your own project configuration file;
# instead you will need to point to the
# "proguard-android-optimize.txt" file instead of this one from your
# project.properties file.
-dontoptimize

-dontusemixedcaseclassnames
-dontskipnonpubliclibraryclasses
-verbose

# Preserve some attributes that may be required for reflection.
-keepattributes *Annotation*,Signature,InnerClasses,EnclosingMethod

-keep public class com.google.vending.licensing.ILicensingService
-keep public class com.android.vending.licensing.ILicensingService
-keep public class com.google.android.vending.licensing.ILicensingService
-dontnote com.android.vending.licensing.ILicensingService
-dontnote com.google.vending.licensing.ILicensingService
-dontnote com.google.android.vending.licensing.ILicensingService

# For native methods, see http://proguard.sourceforge.net/manual/examples.html#native
-keepclasseswithmembernames,includedescriptorclasses class * {
    native <methods>;
}

# Keep setters in Views so that animations can still work.
-keepclassmembers public class * extends android.view.View {
    void set*(***);
    *** get*();
}

# We want to keep methods in Activity that could be used in the XML attribute onClick.
-keepclassmembers class * extends android.app.Activity {
    public void *(android.view.View);
}

# For enumeration classes, see http://proguard.sourceforge.net/manual/examples.html#enumerations
-keepclassmembers enum * {
    public static **[] values();
    public static ** valueOf(java.lang.String);
}

-keepclassmembers class * implements android.os.Parcelable {
    public static final ** CREATOR;
}

# Preserve annotated Javascript interface methods.
-keepclassmembers class * {
    @android.webkit.JavascriptInterface <methods>;
}

# The support libraries contains references to newer platform versions.
# Don't warn about those in case this app is linking against an older
# platform version. We know about them, and they are safe.
-dontnote android.support.**
-dontnote androidx.**
-dontwarn android.support.**
-dontwarn androidx.**

# This class is deprecated, but remains for backward compatibility.
-dontwarn android.util.FloatMath

# Understand the @Keep support annotation.
-keep class android.support.annotation.Keep
-keep class androidx.annotation.Keep

-keep @android.support.annotation.Keep class * {*;}
-keep @androidx.annotation.Keep class * {*;}

-keepclasseswithmembers class * {
    @android.support.annotation.Keep <methods>;
}

-keepclasseswithmembers class * {
    @androidx.annotation.Keep <methods>;
}

-keepclasseswithmembers class * {
    @android.support.annotation.Keep <fields>;
}

-keepclasseswithmembers class * {
    @androidx.annotation.Keep <fields>;
}

-keepclasseswithmembers class * {
    @android.support.annotation.Keep <init>(...);
}

-keepclasseswithmembers class * {
    @androidx.annotation.Keep <init>(...);
}

# These classes are duplicated between android.jar and org.apache.http.legacy.jar.
-dontnote org.apache.http.**
-dontnote android.net.http.**

# These classes are duplicated between android.jar and core-lambda-stubs.jar.
-dontnote java.lang.invoke.**

# End of content from intermediates\proguard-files\proguard-android.txt-4.1.0
# The proguard configuration file for the following section is flutter_tools\gradle\flutter_proguard_rules.pro
# Build the ephemeral app in a module project.
# Prevents: Warning: library class <plugin-package> depends on program class io.flutter.plugin.**
# This is due to plugins (libraries) depending on the embedding (the program jar)
-dontwarn io.flutter.plugin.**

# The android.** package is provided by the OS at runtime.
-dontwarn android.**

# End of content from flutter_tools\gradle\flutter_proguard_rules.pro
# The proguard configuration file for the following section is aapt_proguard_file\release\aapt_rules.txt
-keep class androidx.core.app.CoreComponentFactory { <init>(); }
-keep class com.example.book_geeks.MainActivity { <init>(); }
-keep class com.google.android.gms.common.api.GoogleApiActivity { <init>(); }
-keep class com.google.android.gms.measurement.AppMeasurementJobService { <init>(); }
-keep class com.google.android.gms.measurement.AppMeasurementReceiver { <init>(); }
-keep class com.google.android.gms.measurement.AppMeasurementService { <init>(); }
-keep class com.google.firebase.auth.api.fallback.service.FirebaseAuthFallbackService { <init>(); }
-keep class com.google.firebase.auth.internal.GenericIdpActivity { <init>(); }
-keep class com.google.firebase.auth.internal.RecaptchaActivity { <init>(); }
-keep class com.google.firebase.components.ComponentDiscoveryService { <init>(); }
-keep class com.google.firebase.provider.FirebaseInitProvider { <init>(); }
-keep class io.flutter.plugins.urllauncher.WebViewActivity { <init>(); }
-keep class androidx.browser.browseractions.BrowserActionsFallbackMenuView { <init>(android.content.Context, android.util.AttributeSet); }


# End of content from aapt_proguard_file\release\aapt_rules.txt
# The proguard configuration file for the following section is 20c92a9eacc34f0af3135437a9ce4824\jetified-firebase-auth-21.0.1\proguard.txt
-dontwarn com.google.appengine.api.**
-dontwarn okio.**
-dontwarn org.apache.**
-dontwarn retrofit.android.**
-dontwarn retrofit.appengine.**
-dontwarn retrofit.client.**
-dontwarn rx.**

# This is necessary for keeping SecureTokenHttpApi and IdentityToolkitHttpApi
# Otherwise those classes get stripped out, as they are only being used
# reflectively.

-keepclasseswithmembernames interface * {
    @retrofit.http.* <methods>;
}

# We keep all fields for every generated proto file as the runtime uses
# reflection over them that ProGuard cannot detect. Without this keep
# rule, fields may be removed that would cause runtime failures.
-keepclassmembers class * extends com.google.android.gms.internal.firebase-auth-api.zzzw {
  <fields>;
}

# End of content from 20c92a9eacc34f0af3135437a9ce4824\jetified-firebase-auth-21.0.1\proguard.txt
# The proguard configuration file for the following section is 2562ea70dfdfec13b3abf39f278c87f6\jetified-firebase-firestore-23.0.3\proguard.txt
# Needed for DNS resolution.  Present in OpenJDK, but not Android
-dontwarn javax.naming.**

# Don't warn about checkerframework
#
# Guava uses the checkerframework and the annotations
# can safely be ignored at runtime.
-dontwarn org.checkerframework.**

# Guava warnings:
-dontwarn java.lang.ClassValue
-dontwarn com.google.j2objc.annotations.Weak
-dontwarn org.codehaus.mojo.animal_sniffer.IgnoreJRERequirement
-dontwarn javax.lang.model.element.Modifier

# Okhttp warnings.
-dontwarn okio.**
-dontwarn com.google.j2objc.annotations.**

# End of content from 2562ea70dfdfec13b3abf39f278c87f6\jetified-firebase-firestore-23.0.3\proguard.txt
# The proguard configuration file for the following section is 71428cc48cdc7c37a120f0fd6ba5393b\jetified-play-services-measurement-api-19.0.1\proguard.txt
# Can be removed once we pull in a dependency on firebase-common that includes
# https://github.com/firebase/firebase-android-sdk/pull/1472/commits/856f1ca1151cdd88679bbc778892f23dfa34fc06#diff-a2ed34b5a38b4c6c686b09e54865eb48
-dontwarn com.google.auto.value.AutoValue
-dontwarn com.google.auto.value.AutoValue$Builder

# We keep all fields for every generated proto file as the runtime uses
# reflection over them that ProGuard cannot detect. Without this keep
# rule, fields may be removed that would cause runtime failures.
-keepclassmembers class * extends com.google.android.gms.internal.measurement.zzjz {
  <fields>;
}

# End of content from 71428cc48cdc7c37a120f0fd6ba5393b\jetified-play-services-measurement-api-19.0.1\proguard.txt
# The proguard configuration file for the following section is 97cedce1916f6ec85e7c31887a368a9b\jetified-firebase-auth-interop-20.0.0\proguard.txt
# Can be removed once we pull in a dependency on firebase-common that includes
# https://github.com/firebase/firebase-android-sdk/pull/1472/commits/856f1ca1151cdd88679bbc778892f23dfa34fc06#diff-a2ed34b5a38b4c6c686b09e54865eb48
-dontwarn com.google.auto.value.AutoValue
-dontwarn com.google.auto.value.AutoValue$Builder

# End of content from 97cedce1916f6ec85e7c31887a368a9b\jetified-firebase-auth-interop-20.0.0\proguard.txt
# The proguard configuration file for the following section is d743e2f135b4b07104c7861c96109c08\jetified-firebase-common-20.0.0\proguard.txt
-dontwarn com.google.firebase.platforminfo.KotlinDetector
-dontwarn com.google.auto.value.AutoValue
-dontwarn com.google.auto.value.AutoValue$Builder

# End of content from d743e2f135b4b07104c7861c96109c08\jetified-firebase-common-20.0.0\proguard.txt
# The proguard configuration file for the following section is 9002695a03a0abeb3c802e179344979b\rules-1.2.0\proguard.txt
# for 'can't find referenced method 'android.app.Instrumentation$ActivityResult execStartActivity' etc
-dontwarn androidx.test.runner.MonitoringInstrumentation

# for 'library class android.test.* extends or implements program class'
-dontwarn android.test.**

# End of content from 9002695a03a0abeb3c802e179344979b\rules-1.2.0\proguard.txt
# The proguard configuration file for the following section is 3345d6a855469ac51971b9a39a7310cd\espresso-core-3.2.0\proguard.txt
# Common proguard flags for all the espresso libraries.

# ignore 'cannot find java.beans and mockito integration' warnings
-dontwarn org.hamcrest.**

# ignore 'can't find referenced class sun.misc.Unsafe' from guava
-dontwarn androidx.test.espresso.core.deps.guava.**

# ignore 'can't find referenced class javax.lang.model.element.Modifier'
-dontwarn com.squareup.javawriter.JavaWriter

# ignore 'can't find referenced class sun.misc.Unsafe, libcore.io.Memory' from protobuf
-dontwarn androidx.test.espresso.core.deps.protobuf.**

# ignore 'can't find referenced method android.app.Instrumentation' from android.jar
-dontwarn androidx.test.runner.MonitoringInstrumentation

# End of content from 3345d6a855469ac51971b9a39a7310cd\espresso-core-3.2.0\proguard.txt
# The proguard configuration file for the following section is 6bdd3f19d66a12bdb67bb0e88f521843\runner-1.2.0\proguard.txt
# Proguard flags for the AndroidJUnitRunner library.

# avoid obfuscation of the instrumentation runners and orchestrator
-keepnames class androidx.test.**

# Annotation classes accessed via reflection
-keep class androidx.test.annotation.** { *; }

# for 'can't find referenced method 'android.app.Instrumentation$ActivityResult execStartActivity' etc
-dontwarn androidx.test.runner.MonitoringInstrumentation

# for 'library class android.test.* extends or implements program class'
-dontwarn android.test.**

# for 'can't find referenced class java.lang.management.RuntimeMXBean'
-dontwarn org.junit.rules.DisableOnDebug

# for 'can't find referenced class java.lang.management.ThreadMXBean'
-dontwarn org.junit.internal.runners.statements.FailOnTimeout

# for 'can't find referenced class java.beans.**, easymock, etc
-dontwarn org.hamcrest.**
# End of content from 6bdd3f19d66a12bdb67bb0e88f521843\runner-1.2.0\proguard.txt
# The proguard configuration file for the following section is 0cd0c95cf645f00d921c59b7970ea12e\jetified-play-services-base-17.1.0\proguard.txt
# b/35135904 Ensure that proguard will not strip the mResultGuardian.
-keepclassmembers class com.google.android.gms.common.api.internal.BasePendingResult {
  com.google.android.gms.common.api.internal.BasePendingResult$ReleasableResultGuardian mResultGuardian;
}

# End of content from 0cd0c95cf645f00d921c59b7970ea12e\jetified-play-services-base-17.1.0\proguard.txt
# The proguard configuration file for the following section is 8330784ef1caab2288c9e29b2a5416a8\jetified-play-services-measurement-19.0.1\proguard.txt
# We keep all fields for every generated proto file as the runtime uses
# reflection over them that ProGuard cannot detect. Without this keep
# rule, fields may be removed that would cause runtime failures.
-keepclassmembers class * extends com.google.android.gms.internal.measurement.zzjz {
  <fields>;
}

# End of content from 8330784ef1caab2288c9e29b2a5416a8\jetified-play-services-measurement-19.0.1\proguard.txt
# The proguard configuration file for the following section is 506dcaf3576c3e0a5998a1a87e365861\jetified-play-services-measurement-sdk-19.0.1\proguard.txt
# We keep all fields for every generated proto file as the runtime uses
# reflection over them that ProGuard cannot detect. Without this keep
# rule, fields may be removed that would cause runtime failures.
-keepclassmembers class * extends com.google.android.gms.internal.measurement.zzjz {
  <fields>;
}

# End of content from 506dcaf3576c3e0a5998a1a87e365861\jetified-play-services-measurement-sdk-19.0.1\proguard.txt
# The proguard configuration file for the following section is b46f2dc3c436740a283071b1314c2ca6\jetified-play-services-measurement-impl-19.0.1\proguard.txt
# We keep all fields for every generated proto file as the runtime uses
# reflection over them that ProGuard cannot detect. Without this keep
# rule, fields may be removed that would cause runtime failures.
-keepclassmembers class * extends com.google.android.gms.internal.measurement.zzjz {
  <fields>;
}

# End of content from b46f2dc3c436740a283071b1314c2ca6\jetified-play-services-measurement-impl-19.0.1\proguard.txt
# The proguard configuration file for the following section is ec6b675465bd1b1bf57819df90b62275\jetified-play-services-measurement-sdk-api-19.0.1\proguard.txt
# We keep all fields for every generated proto file as the runtime uses
# reflection over them that ProGuard cannot detect. Without this keep
# rule, fields may be removed that would cause runtime failures.
-keepclassmembers class * extends com.google.android.gms.internal.measurement.zzjz {
  <fields>;
}

# End of content from ec6b675465bd1b1bf57819df90b62275\jetified-play-services-measurement-sdk-api-19.0.1\proguard.txt
# The proguard configuration file for the following section is df2da500468abb40ffe89dfca9307c08\jetified-play-services-measurement-base-19.0.1\proguard.txt
# We keep all fields for every generated proto file as the runtime uses
# reflection over them that ProGuard cannot detect. Without this keep
# rule, fields may be removed that would cause runtime failures.
-keepclassmembers class * extends com.google.android.gms.internal.measurement.zzjz {
  <fields>;
}

# End of content from df2da500468abb40ffe89dfca9307c08\jetified-play-services-measurement-base-19.0.1\proguard.txt
# The proguard configuration file for the following section is 001635284da1a814e161dec16473b699\jetified-play-services-basement-17.1.0\proguard.txt
# Proguard flags for consumers of the Google Play services SDK
# https://developers.google.com/android/guides/setup#add_google_play_services_to_your_project

# Keep SafeParcelable NULL value, needed for reflection by DowngradeableSafeParcel
-keepclassmembers public class com.google.android.gms.common.internal.safeparcel.SafeParcelable {
    public static final *** NULL;
}

# Needed for Parcelable/SafeParcelable classes & their creators to not get renamed, as they are
# found via reflection.
-keep class com.google.android.gms.common.internal.ReflectedParcelable
-keepnames class * implements com.google.android.gms.common.internal.ReflectedParcelable
-keepclassmembers class * implements android.os.Parcelable {
  public static final *** CREATOR;
}

# Keep the classes/members we need for client functionality.
-keep @interface android.support.annotation.Keep
-keep @android.support.annotation.Keep class *
-keepclasseswithmembers class * {
  @android.support.annotation.Keep <fields>;
}
-keepclasseswithmembers class * {
  @android.support.annotation.Keep <methods>;
}

# Keep androidX equivalent of above android.support to allow Jetification.
-keep @interface androidx.annotation.Keep
-keep @androidx.annotation.Keep class *
-keepclasseswithmembers class * {
  @androidx.annotation.Keep <fields>;
}
-keepclasseswithmembers class * {
  @androidx.annotation.Keep <methods>;
}

# Keep the names of classes/members we need for client functionality.
-keep @interface com.google.android.gms.common.annotation.KeepName
-keepnames @com.google.android.gms.common.annotation.KeepName class *
-keepclassmembernames class * {
  @com.google.android.gms.common.annotation.KeepName *;
}

# Keep Dynamite API entry points
-keep @interface com.google.android.gms.common.util.DynamiteApi
-keep @com.google.android.gms.common.util.DynamiteApi public class * {
  public <fields>;
  public <methods>;
}

# Needed when building against pre-Marshmallow SDK.
-dontwarn android.security.NetworkSecurityPolicy

# Needed when building against Marshmallow SDK.
-dontwarn android.app.Notification

# Protobuf has references not on the Android boot classpath
-dontwarn sun.misc.Unsafe
-dontwarn libcore.io.Memory

# Internal Google annotations for generating Proguard keep rules.
-dontwarn com.google.android.apps.common.proguard.UsedBy*

# Annotations referenced by the SDK but whose definitions are contained in
# non-required dependencies.
-dontwarn javax.annotation.**
-dontwarn org.checkerframework.**

# End of content from 001635284da1a814e161dec16473b699\jetified-play-services-basement-17.1.0\proguard.txt
# The proguard configuration file for the following section is 66e22c187c58b6b2989b79808da72114\coordinatorlayout-1.0.0\proguard.txt
# Copyright (C) 2016 The Android Open Source Project
#
# Licensed under the Apache License, Version 2.0 (the "License");
# you may not use this file except in compliance with the License.
# You may obtain a copy of the License at
#
#      http://www.apache.org/licenses/LICENSE-2.0
#
# Unless required by applicable law or agreed to in writing, software
# distributed under the License is distributed on an "AS IS" BASIS,
# WITHOUT WARRANTIES OR CONDITIONS OF ANY KIND, either express or implied.
# See the License for the specific language governing permissions and
# limitations under the License.

# CoordinatorLayout resolves the behaviors of its child components with reflection.
-keep public class * extends androidx.coordinatorlayout.widget.CoordinatorLayout$Behavior {
    public <init>(android.content.Context, android.util.AttributeSet);
    public <init>();
}

# Make sure we keep annotations for CoordinatorLayout's DefaultBehavior and ViewPager's DecorView
-keepattributes *Annotation*

# End of content from 66e22c187c58b6b2989b79808da72114\coordinatorlayout-1.0.0\proguard.txt
# The proguard configuration file for the following section is 0b5a5b09e796e23878a3527a434a4a63\core-1.1.0\proguard.txt
# aapt2 is not (yet) keeping FQCNs defined in the appComponentFactory <application> attribute
-keep class androidx.core.app.CoreComponentFactory

# End of content from 0b5a5b09e796e23878a3527a434a4a63\core-1.1.0\proguard.txt
# The proguard configuration file for the following section is 989f4cd1a18088525a28d0e3741b9436\lifecycle-runtime-2.2.0\proguard.txt
-keepattributes *Annotation*

-keepclassmembers enum androidx.lifecycle.Lifecycle$Event {
    <fields>;
}

-keep !interface * implements androidx.lifecycle.LifecycleObserver {
}

-keep class * implements androidx.lifecycle.GeneratedAdapter {
    <init>(...);
}

-keepclassmembers class ** {
    @androidx.lifecycle.OnLifecycleEvent *;
}