build/app/outputs/mapping/release/seeds.txt
com.example.book_geeks.MainActivity
com.example.book_geeks.MainActivity: MainActivity()
...
io.grpc.okhttp.OkHttpChannelBuilder: io.grpc.okhttp.OkHttpChannelBuilder scheduledExecutorService(java.util.concurrent.ScheduledExecutorService)
com.google.firestore.v1.BatchGetDocumentsRequest: int TRANSACTION_FIELD_NUMBER
com.google.firestore.v1.StructuredQuery$UnaryFilter: java.lang.Object operandType_
com.google.android.gms.internal.measurement.zzfm: int zze
org.xmlpull.v1.XmlPullParser: char[] getTextCharacters(int[])
com.google.firestore.v1.StructuredQuery$Projection: com.google.protobuf.Parser PARSER
io.grpc.okhttp.OkHttpFrameLogger$SettingParams: io.grpc.okhttp.OkHttpFrameLogger$SettingParams valueOf(java.lang.String)
com.google.android.gms.measurement.internal.AppMeasurementDynamiteService: void setMinimumSessionDuration(long)
com.google.firebase.auth.internal.zzag: android.os.Parcelable$Creator CREATOR
io.flutter.view.AccessibilityViewEmbedder: AccessibilityViewEmbedder(android.view.View,int)
io.flutter.embedding.engine.FlutterJNI: boolean initCalled
com.google.android.gms.internal.firebase-auth-api.zzie: com.google.android.gms.internal.firebase-auth-api.zzyu zzf
androidx.test.annotation.Beta
androidx.fragment.app.FragmentManagerViewModel
com.google.android.gms.measurement.internal.AppMeasurementDynamiteService: void setCurrentScreen(com.google.android.gms.dynamic.IObjectWrapper,java.lang.String,java.lang.String,long)
com.google.android.gms.measurement.AppMeasurement$ConditionalUserProperty: long mCreationTimestamp
org.xmlpull.v1.XmlPullParser: int getAttributeCount()
com.google.firestore.v1.Value: int MAP_VALUE_FIELD_NUMBER
com.google.firestore.v1.DocumentRemove: com.google.protobuf.Parser PARSER
com.google.firestore.v1.Target$DocumentsTarget
com.google.firestore.v1.Document: int FIELDS_FIELD_NUMBER
com.google.android.gms.internal.firebase-auth-api.zzij
androidx.versionedparcelable.ParcelImpl: android.os.Parcelable$Creator CREATOR
com.google.android.gms.measurement.internal.AppMeasurementDynamiteService: void getConditionalUserProperties(java.lang.String,java.lang.String,com.google.android.gms.internal.measurement.zzcf)
com.google.firestore.v1.Value: int valueTypeCase_
io.grpc.okhttp.OkHttpFrameLogger$SettingParams: io.grpc.okhttp.OkHttpFrameLogger$SettingParams[] values()
com.google.android.gms.internal.measurement.zzfu: int zze
com.google.android.gms.measurement.AppMeasurement$ConditionalUserProperty: android.os.Bundle mTimedOutEventParams
com.google.firebase.firestore.proto.Target: int LAST_LIMBO_FREE_SNAPSHOT_VERSION_FIELD_NUMBER
com.google.android.gms.internal.firebase-auth-api.zziq
com.google.firestore.v1.StructuredQuery$Filter: java.lang.Object filterType_
com.google.android.gms.internal.firebase-auth-api.zzgx: com.google.android.gms.internal.firebase-auth-api.zzha zze
com.google.android.gms.internal.firebase-auth-api.zzfx: int zze
io.grpc.internal.KeepAliveManager$State: io.grpc.internal.KeepAliveManager$State valueOf(java.lang.String)
io.flutter.view.AccessibilityViewEmbedder: java.lang.Integer getRecordFlutterId(android.view.View,android.view.accessibility.AccessibilityRecord)
com.google.firestore.v1.DocumentTransform: com.google.protobuf.Internal$ProtobufList fieldTransforms_
com.google.android.gms.internal.measurement.zzex: int zzf
com.google.firebase.firestore.proto.MaybeDocument: int DOCUMENT_FIELD_NUMBER
io.flutter.embedding.android.FlutterImageView: io.flutter.embedding.engine.renderer.FlutterRenderer getAttachedRenderer()
com.google.firebase.auth.internal.zzt: android.os.Parcelable$Creator CREATOR
com.google.android.gms.internal.measurement.zzej: com.google.android.gms.internal.measurement.zzkg zzh
com.google.firestore.v1.WriteResponse: int STREAM_TOKEN_FIELD_NUMBER
androidx.browser.browseractions.BrowserActionsFallbackMenuView: BrowserActionsFallbackMenuView(android.content.Context,android.util.AttributeSet)
com.google.firestore.v1.StructuredQuery$FieldFilter: com.google.firestore.v1.StructuredQuery$FieldFilter DEFAULT_INSTANCE