build/app/outputs/mapping/release/mapping.txt
# compiler: R8
# compiler_version: 2.1.62
# min_api: 21
# pg_map_id: a4611ec
# common_typos_disable
...
io.grpc.internal.ManagedChannelImpl$LbHelperImpl$1UpdateBalancingState -> d.c.k1.d1$r$a:
    io.grpc.ConnectivityState val$newState -> l
    io.grpc.LoadBalancer$SubchannelPicker val$newPicker -> k
    io.grpc.internal.ManagedChannelImpl$LbHelperImpl this$1 -> m
io.grpc.internal.ManagedChannelImpl$NameResolverListener -> d.c.k1.d1$s:
    io.grpc.NameResolver resolver -> b
    io.grpc.internal.ManagedChannelImpl$LbHelperImpl helper -> a
    io.grpc.internal.ManagedChannelImpl this$0 -> c
    void onError(io.grpc.Status) -> b
    void onResult(io.grpc.NameResolver$ResolutionResult) -> c
    void access$6700(io.grpc.internal.ManagedChannelImpl$NameResolverListener) -> d
    void access$6800(io.grpc.internal.ManagedChannelImpl$NameResolverListener,io.grpc.Status) -> e
    void handleErrorInSyncContext(io.grpc.Status) -> f
    void scheduleExponentialBackOffInSyncContext() -> g
io.grpc.internal.ManagedChannelImpl$NameResolverListener$1NameResolverErrorHandler -> d.c.k1.d1$s$a:
    io.grpc.internal.ManagedChannelImpl$NameResolverListener this$1 -> l
    io.grpc.Status val$error -> k
io.grpc.internal.ManagedChannelImpl$NameResolverListener$1NamesResolved -> d.c.k1.d1$s$b:
    io.grpc.NameResolver$ResolutionResult val$resolutionResult -> k
    io.grpc.internal.ManagedChannelImpl$NameResolverListener this$1 -> l
io.grpc.internal.ManagedChannelImpl$RealChannel -> d.c.k1.d1$t:
    java.lang.String authority -> a
    io.grpc.internal.ManagedChannelImpl this$0 -> b
    java.lang.String authority() -> b
    io.grpc.ClientCall newCall(io.grpc.MethodDescriptor,io.grpc.CallOptions) -> h
io.grpc.internal.ManagedChannelImpl$ResolutionState -> d.c.k1.d1$u:
    io.grpc.internal.ManagedChannelImpl$ResolutionState[] $VALUES -> n
    io.grpc.internal.ManagedChannelImpl$ResolutionState ERROR -> m
    io.grpc.internal.ManagedChannelImpl$ResolutionState NO_RESOLUTION -> k
    io.grpc.internal.ManagedChannelImpl$ResolutionState SUCCESS -> l
io.grpc.internal.ManagedChannelImpl$RestrictedScheduledExecutor -> d.c.k1.d1$v:
    java.util.concurrent.ScheduledExecutorService delegate -> k
io.grpc.internal.ManagedChannelImpl$ScParser -> d.c.k1.d1$w:
    boolean retryEnabled -> a
    int maxRetryAttemptsLimit -> b
    io.grpc.internal.AutoConfiguredLoadBalancerFactory autoLoadBalancerFactory -> d
    io.grpc.ChannelLogger channelLogger -> e
    int maxHedgedAttemptsLimit -> c
    io.grpc.NameResolver$ConfigOrError parseServiceConfig(java.util.Map) -> a
io.grpc.internal.ManagedChannelImpl$ServiceConfigHolder -> d.c.k1.d1$x:
    java.util.Map rawServiceConfig -> a
    io.grpc.internal.ManagedChannelServiceConfig managedChannelServiceConfig -> b
io.grpc.internal.ManagedChannelImpl$SubchannelImpl -> d.c.k1.d1$y:
    io.grpc.SynchronizationContext$ScheduledHandle delayedShutdownTask -> h
    io.grpc.internal.ManagedChannelImpl this$0 -> i
    io.grpc.LoadBalancer$CreateSubchannelArgs args -> a
    io.grpc.internal.ChannelTracer subchannelTracer -> d
    boolean started -> f
    io.grpc.internal.ChannelLoggerImpl subchannelLogger -> c
    boolean shutdown -> g
    io.grpc.InternalLogId subchannelLogId -> b
    io.grpc.internal.InternalSubchannel subchannel -> e
    java.util.List getAllAddresses() -> b
    io.grpc.Attributes getAttributes() -> c
    java.lang.Object getInternalSubchannel() -> d
    void requestConnection() -> e
    void shutdown() -> f
    void start(io.grpc.LoadBalancer$SubchannelStateListener) -> g
    void updateAddresses(java.util.List) -> h
    void access$6900(io.grpc.internal.ManagedChannelImpl$SubchannelImpl) -> i
    void internalShutdown() -> j
    void internalStart(io.grpc.LoadBalancer$SubchannelStateListener) -> k
io.grpc.internal.ManagedChannelImpl$SubchannelImpl$1 -> d.c.k1.d1$y$a:
    io.grpc.LoadBalancer$SubchannelStateListener val$listener -> k