build/app/outputs/mapping/release/usage.txt
com.example.book_geeks.R$id
com.example.book_geeks.R$string
com.example.book_geeks.R$attr
com.example.book_geeks.BuildConfig
com.example.book_geeks.R$layout
com.example.book_geeks.R$styleable
com.example.book_geeks.R$color
com.example.book_geeks.R
com.example.book_geeks.R$integer
com.example.book_geeks.R$drawable
com.example.book_geeks.R$style
com.example.book_geeks.R$dimen
com.example.book_geeks.R$mipmap
...
com.google.common.collect.FluentIterable$2
com.google.firebase.installations.InstallationTokenResult
com.google.common.collect.Cut$1
com.google.api.Distribution$BucketOptions$ExponentialOrBuilder
com.google.common.util.concurrent.AbstractScheduledService$CustomScheduler
io.grpc.internal.CompositeReadableBuffer$2
com.google.rpc.ErrorInfo$1
com.google.android.gms.internal.measurement.zzem:
    private void <init>()
kotlin.jvm.internal.PropertyReference1Impl
com.google.firebase.internal.DataCollectionConfigStorage:
    private static final java.lang.String FIREBASE_APP_PREFS
    public static final java.lang.String DATA_COLLECTION_DEFAULT_ENABLED
androidx.core.text.util.FindAddress
com.google.common.collect.ImmutableMultimap$KeysSerializedForm
com.google.protobuf.Utf8$UnsafeProcessor:
    private static int unsafeEstimateConsecutiveAscii(long,int)
    private static int partialIsValidUtf8(long,int)
    private static int unsafeIncompleteStateFor(long,int,int)
    int partialIsValidUtf8Direct(int,java.nio.ByteBuffer,int,int)
    java.lang.String decodeUtf8Direct(java.nio.ByteBuffer,int,int)
    void encodeUtf8Direct(java.lang.CharSequence,java.nio.ByteBuffer)
com.google.common.collect.Maps$AsMapView$1EntrySetImpl
okio.ForwardingSink
com.google.common.base.Suppliers$SupplierFunctionImpl
com.squareup.okhttp.internal.framed.ErrorCode
com.squareup.okhttp.HttpUrl$1:
    static void <clinit>()
    static final synthetic int[] $SwitchMap$com$squareup$okhttp$HttpUrl$Builder$ParseResult
com.google.android.gms.internal.safetynet.zzk$zzc
com.google.longrunning.CancelOperationRequest
com.google.android.gms.common.api.internal.zaw
androidx.core.view.ActionProvider$VisibilityListener
com.google.api.AuthRequirement
com.google.android.gms.auth.api.signin.zad
com.google.common.cache.LocalCache$SoftValueReference
com.google.common.base.CharMatcher$ForPredicate
com.google.protobuf.WireFormat$FieldType$1:
    public boolean isPackable()
androidx.annotation.ContentView
com.google.common.collect.TreeTraverser$3
kotlin.coroutines.jvm.internal.CoroutineStackFrame
androidx.test.espresso.core.internal.deps.guava.util.concurrent.ListenableFuture
kotlin.coroutines.jvm.internal.RestrictedContinuationImpl
org.checkerframework.checker.nullness.compatqual.MonotonicNonNullType
com.google.firebase.auth.FirebaseAuth:
    public com.google.android.gms.tasks.Task getPendingAuthResult()
    public com.google.android.gms.tasks.Task setFirebaseUIVersion(java.lang.String)
    public com.google.android.gms.tasks.Task startActivityForSignInWithProvider(android.app.Activity,com.google.firebase.auth.FederatedAuthProvider)
    public com.google.android.gms.tasks.Task updateCurrentUser(com.google.firebase.auth.FirebaseUser)
    public boolean isSignInWithEmailLink(java.lang.String)
    public final com.google.android.gms.tasks.Task zzb(com.google.firebase.auth.FirebaseUser,com.google.firebase.auth.MultiFactorAssertion,java.lang.String)
    public final com.google.android.gms.tasks.Task zze(com.google.firebase.auth.FirebaseUser,com.google.firebase.auth.AuthCredential)
    public final com.google.android.gms.tasks.Task zzh(com.google.firebase.auth.MultiFactorAssertion,com.google.firebase.auth.internal.zzag,com.google.firebase.auth.FirebaseUser)
    public final com.google.android.gms.tasks.Task zzj(android.app.Activity,com.google.firebase.auth.FederatedAuthProvider,com.google.firebase.auth.FirebaseUser)
    public final com.google.android.gms.tasks.Task zzk(android.app.Activity,com.google.firebase.auth.FederatedAuthProvider,com.google.firebase.auth.FirebaseUser)
    public final com.google.android.gms.tasks.Task zzl(com.google.firebase.auth.FirebaseUser,java.lang.String)
com.google.android.gms.common.ProGuardCanary
androidx.slidingpanelayout.R$style
com.google.android.gms.internal.firebase-auth-api.zzri
com.google.android.gms.safetynet.SafetyNetApi$zzb
androidx.cursoradapter.widget.CursorAdapter$MyDataSetObserver